2021-09-26 12:17:14.381 [main] INFO  org.hibernate.jpa.internal.util.LogHelper - HHH000204: Processing PersistenceUnitInfo [name: SocialMedia]
2021-09-26 12:17:14.460 [main] INFO  org.hibernate.Version - HHH000412: Hibernate ORM core version 5.5.7.Final
2021-09-26 12:17:14.732 [main] INFO  org.hibernate.annotations.common.Version - HCANN000001: Hibernate Commons Annotations {5.1.2.Final}
2021-09-26 12:17:14.977 [main] INFO  org.hibernate.dialect.Dialect - HHH000400: Using dialect: org.hibernate.dialect.H2Dialect
2021-09-26 12:17:15.787 [main] WARN  org.hibernate.orm.connections.pooling - HHH10001002: Using Hibernate built-in connection pool (not for production use!)
2021-09-26 12:17:15.796 [main] INFO  org.hibernate.orm.connections.pooling - HHH10001005: using driver [org.h2.Driver] at URL [jdbc:h2:mem:test]
2021-09-26 12:17:15.796 [main] INFO  org.hibernate.orm.connections.pooling - HHH10001001: Connection properties: {password=****, user=kosy}
2021-09-26 12:17:15.796 [main] INFO  org.hibernate.orm.connections.pooling - HHH10001003: Autocommit mode: false
2021-09-26 12:17:15.798 [main] INFO  org.hibernate.engine.jdbc.connections.internal.DriverManagerConnectionProviderImpl - HHH000115: Hibernate connection pool size: 20 (min=1)
2021-09-26 12:17:16.044 [main] INFO  org.hibernate.orm.connections.access - HHH10001501: Connection obtained from JdbcConnectionAccess [org.hibernate.engine.jdbc.env.internal.JdbcEnvironmentInitiator$ConnectionProviderJdbcConnectionAccess@4733f6f5] for (non-JTA) DDL execution was not in auto-commit mode; the Connection 'local transaction' will be committed and the Connection will be set into auto-commit mode.
2021-09-26 12:17:16.056 [main] INFO  org.hibernate.orm.connections.access - HHH10001501: Connection obtained from JdbcConnectionAccess [org.hibernate.engine.jdbc.env.internal.JdbcEnvironmentInitiator$ConnectionProviderJdbcConnectionAccess@3d299393] for (non-JTA) DDL execution was not in auto-commit mode; the Connection 'local transaction' will be committed and the Connection will be set into auto-commit mode.
2021-09-26 12:17:16.109 [main] INFO  org.hibernate.engine.transaction.jta.platform.internal.JtaPlatformInitiator - HHH000490: Using JtaPlatform implementation: [org.hibernate.engine.transaction.jta.platform.internal.NoJtaPlatform]
2021-09-26 12:17:16.298 [main] INFO  org.allisonkosy.App - Created User{id=1, username='giffard', password='OjdlfD5vUFDF'}
2021-09-26 12:17:16.301 [main] INFO  org.allisonkosy.App - Created User{id=2, username='maynord', password='piaqDKS0kA'}
2021-09-26 12:17:16.303 [main] INFO  org.allisonkosy.App - Created User{id=3, username='thornie', password='PaHW6Imn5B'}
2021-09-26 12:17:16.305 [main] INFO  org.allisonkosy.App - Created User{id=4, username='rickie', password='ZQGYblRAhapl'}
2021-09-26 12:17:16.307 [main] INFO  org.allisonkosy.App - Created User{id=5, username='reed', password='ON7akEa'}
2021-09-26 12:17:16.308 [main] INFO  org.allisonkosy.App - Created User{id=6, username='benedetto', password='3QHKyccvEyf'}
2021-09-26 12:17:16.310 [main] INFO  org.allisonkosy.App - Created User{id=7, username='edmund', password='a2ngPU'}
2021-09-26 12:17:16.313 [main] INFO  org.allisonkosy.App - Created User{id=8, username='rhodie', password='yRreB69rJfr3'}
2021-09-26 12:17:16.315 [main] INFO  org.allisonkosy.App - Created User{id=9, username='vilma', password='hZkhrKHAp'}
2021-09-26 12:17:16.317 [main] INFO  org.allisonkosy.App - Created User{id=10, username='phaedra', password='LNfGON7EsG'}
2021-09-26 12:17:16.320 [main] INFO  org.allisonkosy.App - Created User{id=11, username='faydra', password='kBknirbgu0S'}
2021-09-26 12:17:16.322 [main] INFO  org.allisonkosy.App - Created User{id=12, username='barr', password='CDybGyv'}
2021-09-26 12:17:16.324 [main] INFO  org.allisonkosy.App - Created User{id=13, username='stearne', password='B2geUvL8eEHr'}
2021-09-26 12:17:16.327 [main] INFO  org.allisonkosy.App - Created User{id=14, username='stevena', password='FCuCqZiJRR'}
2021-09-26 12:17:16.329 [main] INFO  org.allisonkosy.App - Created User{id=15, username='karl', password='hIBZq5rgdasL'}
2021-09-26 12:17:16.635 [main] INFO  org.allisonkosy.App - User{id=2, username='maynord', password='piaqDKS0kA'}
2021-09-26 12:17:16.674 [main] INFO  org.allisonkosy.App - Created Post{id=16, user= maynorduser_id=2, createDate=Sun Sep 26 12:17:16 WAT 2021, modifyDate=Sun Sep 26 12:17:16 WAT 2021, body='This....', title='A title', slug='a-title'}
2021-09-26 12:17:16.675 [main] INFO  org.allisonkosy.App - User{id=2, username='maynord', password='piaqDKS0kA'}
2021-09-26 12:17:16.677 [main] INFO  org.allisonkosy.App - Created Post{id=17, user= maynorduser_id=2, createDate=Sun Sep 26 12:17:16 WAT 2021, modifyDate=Sun Sep 26 12:17:16 WAT 2021, body='This....', title='A title', slug='a-title'}
2021-09-26 12:17:16.678 [main] INFO  org.allisonkosy.App - User{id=2, username='maynord', password='piaqDKS0kA'}
2021-09-26 12:17:16.681 [main] INFO  org.allisonkosy.App - Created Post{id=18, user= maynorduser_id=2, createDate=Sun Sep 26 12:17:16 WAT 2021, modifyDate=Sun Sep 26 12:17:16 WAT 2021, body='This....', title='A title', slug='a-title'}
2021-09-26 12:17:16.682 [main] INFO  org.allisonkosy.App - User{id=2, username='maynord', password='piaqDKS0kA'}
2021-09-26 12:17:16.685 [main] INFO  org.allisonkosy.App - Created Post{id=19, user= maynorduser_id=2, createDate=Sun Sep 26 12:17:16 WAT 2021, modifyDate=Sun Sep 26 12:17:16 WAT 2021, body='This....', title='A title', slug='a-title'}
2021-09-26 12:17:16.687 [main] INFO  org.allisonkosy.App - User{id=2, username='maynord', password='piaqDKS0kA'}
2021-09-26 12:17:16.689 [main] INFO  org.allisonkosy.App - Created Post{id=20, user= maynorduser_id=2, createDate=Sun Sep 26 12:17:16 WAT 2021, modifyDate=Sun Sep 26 12:17:16 WAT 2021, body='This....', title='A title', slug='a-title'}
2021-09-26 12:17:16.696 [main] INFO  org.allisonkosy.App - User{id=1, username='giffard', password='OjdlfD5vUFDF'}
2021-09-26 12:17:16.715 [main] INFO  org.allisonkosy.App - Created Comment{id=21, createDate=Sun Sep 26 12:17:16 WAT 2021, modifyDate=Sun Sep 26 12:17:16 WAT 2021, user=giffard, post=16}
2021-09-26 12:17:16.718 [main] INFO  org.allisonkosy.App - User{id=2, username='maynord', password='piaqDKS0kA'}
2021-09-26 12:17:16.720 [main] INFO  org.allisonkosy.App - Created Comment{id=22, createDate=Sun Sep 26 12:17:16 WAT 2021, modifyDate=Sun Sep 26 12:17:16 WAT 2021, user=maynord, post=16}
2021-09-26 12:17:16.722 [main] INFO  org.allisonkosy.App - User{id=2, username='maynord', password='piaqDKS0kA'}
2021-09-26 12:17:16.724 [main] INFO  org.allisonkosy.App - Created Comment{id=23, createDate=Sun Sep 26 12:17:16 WAT 2021, modifyDate=Sun Sep 26 12:17:16 WAT 2021, user=maynord, post=16}
2021-09-26 12:17:16.726 [main] INFO  org.allisonkosy.App - User{id=4, username='rickie', password='ZQGYblRAhapl'}
2021-09-26 12:17:16.728 [main] INFO  org.allisonkosy.App - Created Comment{id=24, createDate=Sun Sep 26 12:17:16 WAT 2021, modifyDate=Sun Sep 26 12:17:16 WAT 2021, user=rickie, post=16}
2021-09-26 12:17:16.731 [main] INFO  org.allisonkosy.App - User{id=5, username='reed', password='ON7akEa'}
2021-09-26 12:17:16.733 [main] INFO  org.allisonkosy.App - Created Comment{id=25, createDate=Sun Sep 26 12:17:16 WAT 2021, modifyDate=Sun Sep 26 12:17:16 WAT 2021, user=reed, post=16}
2021-09-26 12:17:16.735 [main] INFO  org.allisonkosy.App - User{id=6, username='benedetto', password='3QHKyccvEyf'}
2021-09-26 12:17:16.738 [main] INFO  org.allisonkosy.App - Created Comment{id=26, createDate=Sun Sep 26 12:17:16 WAT 2021, modifyDate=Sun Sep 26 12:17:16 WAT 2021, user=benedetto, post=16}
2021-09-26 12:17:24.106 [main] INFO  org.allisonkosy.App - Created User{id=27, username='kosy', password='lion'}
2021-09-26 12:17:58.626 [main] INFO  org.allisonkosy.App - User{id=27, username='kosy', password='lion'}
2021-09-26 12:17:58.631 [main] INFO  org.allisonkosy.App - Created Post{id=28, user= kosyuser_id=27, createDate=Sun Sep 26 12:17:58 WAT 2021, modifyDate=Sun Sep 26 12:17:58 WAT 2021, body='This....', title='lion is coming', slug='lion-is-coming'}
2021-09-26 12:18:18.023 [main] INFO  org.allisonkosy.App - Post{id=28, user= kosyuser_id=27, createDate=Sun Sep 26 12:17:58 WAT 2021, modifyDate=Sun Sep 26 12:17:58 WAT 2021, body='This....', title='lion is coming', slug='lion-is-coming'}
2021-09-26 12:21:39.902 [main] INFO  org.hibernate.jpa.internal.util.LogHelper - HHH000204: Processing PersistenceUnitInfo [name: SocialMedia]
2021-09-26 12:21:39.985 [main] INFO  org.hibernate.Version - HHH000412: Hibernate ORM core version 5.5.7.Final
2021-09-26 12:21:40.252 [main] INFO  org.hibernate.annotations.common.Version - HCANN000001: Hibernate Commons Annotations {5.1.2.Final}
2021-09-26 12:21:40.494 [main] INFO  org.hibernate.dialect.Dialect - HHH000400: Using dialect: org.hibernate.dialect.H2Dialect
2021-09-26 12:21:41.714 [main] WARN  org.hibernate.orm.connections.pooling - HHH10001002: Using Hibernate built-in connection pool (not for production use!)
2021-09-26 12:21:41.720 [main] INFO  org.hibernate.orm.connections.pooling - HHH10001005: using driver [org.h2.Driver] at URL [jdbc:h2:mem:test]
2021-09-26 12:21:41.721 [main] INFO  org.hibernate.orm.connections.pooling - HHH10001001: Connection properties: {password=****, user=kosy}
2021-09-26 12:21:41.721 [main] INFO  org.hibernate.orm.connections.pooling - HHH10001003: Autocommit mode: false
2021-09-26 12:21:41.725 [main] INFO  org.hibernate.engine.jdbc.connections.internal.DriverManagerConnectionProviderImpl - HHH000115: Hibernate connection pool size: 20 (min=1)
2021-09-26 12:21:42.088 [main] INFO  org.hibernate.orm.connections.access - HHH10001501: Connection obtained from JdbcConnectionAccess [org.hibernate.engine.jdbc.env.internal.JdbcEnvironmentInitiator$ConnectionProviderJdbcConnectionAccess@6ccac6f4] for (non-JTA) DDL execution was not in auto-commit mode; the Connection 'local transaction' will be committed and the Connection will be set into auto-commit mode.
2021-09-26 12:21:42.105 [main] INFO  org.hibernate.orm.connections.access - HHH10001501: Connection obtained from JdbcConnectionAccess [org.hibernate.engine.jdbc.env.internal.JdbcEnvironmentInitiator$ConnectionProviderJdbcConnectionAccess@5f34907b] for (non-JTA) DDL execution was not in auto-commit mode; the Connection 'local transaction' will be committed and the Connection will be set into auto-commit mode.
2021-09-26 12:21:42.186 [main] INFO  org.hibernate.engine.transaction.jta.platform.internal.JtaPlatformInitiator - HHH000490: Using JtaPlatform implementation: [org.hibernate.engine.transaction.jta.platform.internal.NoJtaPlatform]
2021-09-26 12:21:42.364 [main] INFO  org.allisonkosy.App - Created User{id=1, username='giffard', password='OjdlfD5vUFDF'}
2021-09-26 12:21:42.367 [main] INFO  org.allisonkosy.App - Created User{id=2, username='maynord', password='piaqDKS0kA'}
2021-09-26 12:21:42.369 [main] INFO  org.allisonkosy.App - Created User{id=3, username='thornie', password='PaHW6Imn5B'}
2021-09-26 12:21:42.371 [main] INFO  org.allisonkosy.App - Created User{id=4, username='rickie', password='ZQGYblRAhapl'}
2021-09-26 12:21:42.373 [main] INFO  org.allisonkosy.App - Created User{id=5, username='reed', password='ON7akEa'}
2021-09-26 12:21:42.375 [main] INFO  org.allisonkosy.App - Created User{id=6, username='benedetto', password='3QHKyccvEyf'}
2021-09-26 12:21:42.377 [main] INFO  org.allisonkosy.App - Created User{id=7, username='edmund', password='a2ngPU'}
2021-09-26 12:21:42.380 [main] INFO  org.allisonkosy.App - Created User{id=8, username='rhodie', password='yRreB69rJfr3'}
2021-09-26 12:21:42.382 [main] INFO  org.allisonkosy.App - Created User{id=9, username='vilma', password='hZkhrKHAp'}
2021-09-26 12:21:42.385 [main] INFO  org.allisonkosy.App - Created User{id=10, username='phaedra', password='LNfGON7EsG'}
2021-09-26 12:21:42.387 [main] INFO  org.allisonkosy.App - Created User{id=11, username='faydra', password='kBknirbgu0S'}
2021-09-26 12:21:42.389 [main] INFO  org.allisonkosy.App - Created User{id=12, username='barr', password='CDybGyv'}
2021-09-26 12:21:42.391 [main] INFO  org.allisonkosy.App - Created User{id=13, username='stearne', password='B2geUvL8eEHr'}
2021-09-26 12:21:42.393 [main] INFO  org.allisonkosy.App - Created User{id=14, username='stevena', password='FCuCqZiJRR'}
2021-09-26 12:21:42.396 [main] INFO  org.allisonkosy.App - Created User{id=15, username='karl', password='hIBZq5rgdasL'}
2021-09-26 12:21:42.733 [main] INFO  org.allisonkosy.App - User{id=2, username='maynord', password='piaqDKS0kA'}
2021-09-26 12:21:42.783 [main] INFO  org.allisonkosy.App - Created Post{id=16, user= maynorduser_id=2, createDate=Sun Sep 26 12:21:42 WAT 2021, modifyDate=Sun Sep 26 12:21:42 WAT 2021, body='This....', title='A title', slug='a-title'}
2021-09-26 12:21:42.785 [main] INFO  org.allisonkosy.App - User{id=2, username='maynord', password='piaqDKS0kA'}
2021-09-26 12:21:42.787 [main] INFO  org.allisonkosy.App - Created Post{id=17, user= maynorduser_id=2, createDate=Sun Sep 26 12:21:42 WAT 2021, modifyDate=Sun Sep 26 12:21:42 WAT 2021, body='This....', title='A title', slug='a-title'}
2021-09-26 12:21:42.789 [main] INFO  org.allisonkosy.App - User{id=2, username='maynord', password='piaqDKS0kA'}
2021-09-26 12:21:42.792 [main] INFO  org.allisonkosy.App - Created Post{id=18, user= maynorduser_id=2, createDate=Sun Sep 26 12:21:42 WAT 2021, modifyDate=Sun Sep 26 12:21:42 WAT 2021, body='This....', title='A title', slug='a-title'}
2021-09-26 12:21:42.793 [main] INFO  org.allisonkosy.App - User{id=2, username='maynord', password='piaqDKS0kA'}
2021-09-26 12:21:42.796 [main] INFO  org.allisonkosy.App - Created Post{id=19, user= maynorduser_id=2, createDate=Sun Sep 26 12:21:42 WAT 2021, modifyDate=Sun Sep 26 12:21:42 WAT 2021, body='This....', title='A title', slug='a-title'}
2021-09-26 12:21:42.798 [main] INFO  org.allisonkosy.App - User{id=2, username='maynord', password='piaqDKS0kA'}
2021-09-26 12:21:42.800 [main] INFO  org.allisonkosy.App - Created Post{id=20, user= maynorduser_id=2, createDate=Sun Sep 26 12:21:42 WAT 2021, modifyDate=Sun Sep 26 12:21:42 WAT 2021, body='This....', title='A title', slug='a-title'}
2021-09-26 12:21:42.808 [main] INFO  org.allisonkosy.App - User{id=1, username='giffard', password='OjdlfD5vUFDF'}
2021-09-26 12:21:42.828 [main] INFO  org.allisonkosy.App - Created Comment{id=21, createDate=Sun Sep 26 12:21:42 WAT 2021, modifyDate=Sun Sep 26 12:21:42 WAT 2021, user=giffard, post=16}
2021-09-26 12:21:42.831 [main] INFO  org.allisonkosy.App - User{id=2, username='maynord', password='piaqDKS0kA'}
2021-09-26 12:21:42.834 [main] INFO  org.allisonkosy.App - Created Comment{id=22, createDate=Sun Sep 26 12:21:42 WAT 2021, modifyDate=Sun Sep 26 12:21:42 WAT 2021, user=maynord, post=16}
2021-09-26 12:21:42.836 [main] INFO  org.allisonkosy.App - User{id=2, username='maynord', password='piaqDKS0kA'}
2021-09-26 12:21:42.839 [main] INFO  org.allisonkosy.App - Created Comment{id=23, createDate=Sun Sep 26 12:21:42 WAT 2021, modifyDate=Sun Sep 26 12:21:42 WAT 2021, user=maynord, post=16}
2021-09-26 12:21:42.841 [main] INFO  org.allisonkosy.App - User{id=4, username='rickie', password='ZQGYblRAhapl'}
2021-09-26 12:21:42.844 [main] INFO  org.allisonkosy.App - Created Comment{id=24, createDate=Sun Sep 26 12:21:42 WAT 2021, modifyDate=Sun Sep 26 12:21:42 WAT 2021, user=rickie, post=16}
2021-09-26 12:21:42.847 [main] INFO  org.allisonkosy.App - User{id=5, username='reed', password='ON7akEa'}
2021-09-26 12:21:42.849 [main] INFO  org.allisonkosy.App - Created Comment{id=25, createDate=Sun Sep 26 12:21:42 WAT 2021, modifyDate=Sun Sep 26 12:21:42 WAT 2021, user=reed, post=16}
2021-09-26 12:21:42.851 [main] INFO  org.allisonkosy.App - User{id=6, username='benedetto', password='3QHKyccvEyf'}
2021-09-26 12:21:42.854 [main] INFO  org.allisonkosy.App - Created Comment{id=26, createDate=Sun Sep 26 12:21:42 WAT 2021, modifyDate=Sun Sep 26 12:21:42 WAT 2021, user=benedetto, post=16}
2021-09-26 12:22:05.691 [main] INFO  org.allisonkosy.App - Created User{id=27, username='london', password='on'}
2021-09-26 12:22:27.795 [main] INFO  org.allisonkosy.App - User{id=27, username='london', password='on'}
2021-09-26 12:22:27.801 [main] WARN  org.hibernate.engine.jdbc.spi.SqlExceptionHelper - SQL Error: 22001, SQLState: 22001
2021-09-26 12:22:27.804 [main] ERROR org.hibernate.engine.jdbc.spi.SqlExceptionHelper - Value too long for column "BODY VARCHAR(255)": "STRINGDECODE('A Lob annotation specifies that a persistent property or field should be persisted as a large object to a database... (315)"; SQL statement:
insert into posts (body, create_date, modify_date, slug, title, user_id, id) values (?, ?, ?, ?, ?, ?, ?) [22001-200]
2021-09-26 12:23:40.798 [main] INFO  org.hibernate.jpa.internal.util.LogHelper - HHH000204: Processing PersistenceUnitInfo [name: SocialMedia]
2021-09-26 12:23:40.889 [main] INFO  org.hibernate.Version - HHH000412: Hibernate ORM core version 5.5.7.Final
2021-09-26 12:23:41.131 [main] INFO  org.hibernate.annotations.common.Version - HCANN000001: Hibernate Commons Annotations {5.1.2.Final}
2021-09-26 12:23:41.325 [main] INFO  org.hibernate.dialect.Dialect - HHH000400: Using dialect: org.hibernate.dialect.H2Dialect
2021-09-26 12:23:42.137 [main] WARN  org.hibernate.orm.connections.pooling - HHH10001002: Using Hibernate built-in connection pool (not for production use!)
2021-09-26 12:23:42.146 [main] INFO  org.hibernate.orm.connections.pooling - HHH10001005: using driver [org.h2.Driver] at URL [jdbc:h2:mem:test]
2021-09-26 12:23:42.147 [main] INFO  org.hibernate.orm.connections.pooling - HHH10001001: Connection properties: {password=****, user=kosy}
2021-09-26 12:23:42.147 [main] INFO  org.hibernate.orm.connections.pooling - HHH10001003: Autocommit mode: false
2021-09-26 12:23:42.150 [main] INFO  org.hibernate.engine.jdbc.connections.internal.DriverManagerConnectionProviderImpl - HHH000115: Hibernate connection pool size: 20 (min=1)
2021-09-26 12:23:42.368 [main] INFO  org.hibernate.orm.connections.access - HHH10001501: Connection obtained from JdbcConnectionAccess [org.hibernate.engine.jdbc.env.internal.JdbcEnvironmentInitiator$ConnectionProviderJdbcConnectionAccess@6ccac6f4] for (non-JTA) DDL execution was not in auto-commit mode; the Connection 'local transaction' will be committed and the Connection will be set into auto-commit mode.
2021-09-26 12:23:42.381 [main] INFO  org.hibernate.orm.connections.access - HHH10001501: Connection obtained from JdbcConnectionAccess [org.hibernate.engine.jdbc.env.internal.JdbcEnvironmentInitiator$ConnectionProviderJdbcConnectionAccess@5f34907b] for (non-JTA) DDL execution was not in auto-commit mode; the Connection 'local transaction' will be committed and the Connection will be set into auto-commit mode.
2021-09-26 12:23:42.428 [main] INFO  org.hibernate.engine.transaction.jta.platform.internal.JtaPlatformInitiator - HHH000490: Using JtaPlatform implementation: [org.hibernate.engine.transaction.jta.platform.internal.NoJtaPlatform]
2021-09-26 12:23:42.607 [main] INFO  org.allisonkosy.App - Created User{id=1, username='giffard', password='OjdlfD5vUFDF'}
2021-09-26 12:23:42.612 [main] INFO  org.allisonkosy.App - Created User{id=2, username='maynord', password='piaqDKS0kA'}
2021-09-26 12:23:42.614 [main] INFO  org.allisonkosy.App - Created User{id=3, username='thornie', password='PaHW6Imn5B'}
2021-09-26 12:23:42.616 [main] INFO  org.allisonkosy.App - Created User{id=4, username='rickie', password='ZQGYblRAhapl'}
2021-09-26 12:23:42.618 [main] INFO  org.allisonkosy.App - Created User{id=5, username='reed', password='ON7akEa'}
2021-09-26 12:23:42.619 [main] INFO  org.allisonkosy.App - Created User{id=6, username='benedetto', password='3QHKyccvEyf'}
2021-09-26 12:23:42.621 [main] INFO  org.allisonkosy.App - Created User{id=7, username='edmund', password='a2ngPU'}
2021-09-26 12:23:42.623 [main] INFO  org.allisonkosy.App - Created User{id=8, username='rhodie', password='yRreB69rJfr3'}
2021-09-26 12:23:42.625 [main] INFO  org.allisonkosy.App - Created User{id=9, username='vilma', password='hZkhrKHAp'}
2021-09-26 12:23:42.626 [main] INFO  org.allisonkosy.App - Created User{id=10, username='phaedra', password='LNfGON7EsG'}
2021-09-26 12:23:42.628 [main] INFO  org.allisonkosy.App - Created User{id=11, username='faydra', password='kBknirbgu0S'}
2021-09-26 12:23:42.630 [main] INFO  org.allisonkosy.App - Created User{id=12, username='barr', password='CDybGyv'}
2021-09-26 12:23:42.633 [main] INFO  org.allisonkosy.App - Created User{id=13, username='stearne', password='B2geUvL8eEHr'}
2021-09-26 12:23:42.634 [main] INFO  org.allisonkosy.App - Created User{id=14, username='stevena', password='FCuCqZiJRR'}
2021-09-26 12:23:42.637 [main] INFO  org.allisonkosy.App - Created User{id=15, username='karl', password='hIBZq5rgdasL'}
2021-09-26 12:23:42.876 [main] INFO  org.allisonkosy.App - User{id=2, username='maynord', password='piaqDKS0kA'}
2021-09-26 12:23:42.936 [main] INFO  org.allisonkosy.App - Created Post{id=16, user= maynorduser_id=2, createDate=Sun Sep 26 12:23:42 WAT 2021, modifyDate=Sun Sep 26 12:23:42 WAT 2021, body='This....', title='A title', slug='a-title'}
2021-09-26 12:23:42.938 [main] INFO  org.allisonkosy.App - User{id=2, username='maynord', password='piaqDKS0kA'}
2021-09-26 12:23:42.940 [main] INFO  org.allisonkosy.App - Created Post{id=17, user= maynorduser_id=2, createDate=Sun Sep 26 12:23:42 WAT 2021, modifyDate=Sun Sep 26 12:23:42 WAT 2021, body='This....', title='A title', slug='a-title'}
2021-09-26 12:23:42.942 [main] INFO  org.allisonkosy.App - User{id=2, username='maynord', password='piaqDKS0kA'}
2021-09-26 12:23:42.944 [main] INFO  org.allisonkosy.App - Created Post{id=18, user= maynorduser_id=2, createDate=Sun Sep 26 12:23:42 WAT 2021, modifyDate=Sun Sep 26 12:23:42 WAT 2021, body='This....', title='A title', slug='a-title'}
2021-09-26 12:23:42.945 [main] INFO  org.allisonkosy.App - User{id=2, username='maynord', password='piaqDKS0kA'}
2021-09-26 12:23:42.948 [main] INFO  org.allisonkosy.App - Created Post{id=19, user= maynorduser_id=2, createDate=Sun Sep 26 12:23:42 WAT 2021, modifyDate=Sun Sep 26 12:23:42 WAT 2021, body='This....', title='A title', slug='a-title'}
2021-09-26 12:23:42.949 [main] INFO  org.allisonkosy.App - User{id=2, username='maynord', password='piaqDKS0kA'}
2021-09-26 12:23:42.952 [main] INFO  org.allisonkosy.App - Created Post{id=20, user= maynorduser_id=2, createDate=Sun Sep 26 12:23:42 WAT 2021, modifyDate=Sun Sep 26 12:23:42 WAT 2021, body='This....', title='A title', slug='a-title'}
2021-09-26 12:23:42.957 [main] INFO  org.allisonkosy.App - User{id=1, username='giffard', password='OjdlfD5vUFDF'}
2021-09-26 12:23:42.970 [main] INFO  org.allisonkosy.App - Created Comment{id=21, createDate=Sun Sep 26 12:23:42 WAT 2021, modifyDate=Sun Sep 26 12:23:42 WAT 2021, user=giffard, post=16}
2021-09-26 12:23:42.972 [main] INFO  org.allisonkosy.App - User{id=2, username='maynord', password='piaqDKS0kA'}
2021-09-26 12:23:42.973 [main] INFO  org.allisonkosy.App - Created Comment{id=22, createDate=Sun Sep 26 12:23:42 WAT 2021, modifyDate=Sun Sep 26 12:23:42 WAT 2021, user=maynord, post=16}
2021-09-26 12:23:42.975 [main] INFO  org.allisonkosy.App - User{id=2, username='maynord', password='piaqDKS0kA'}
2021-09-26 12:23:42.977 [main] INFO  org.allisonkosy.App - Created Comment{id=23, createDate=Sun Sep 26 12:23:42 WAT 2021, modifyDate=Sun Sep 26 12:23:42 WAT 2021, user=maynord, post=16}
2021-09-26 12:23:42.979 [main] INFO  org.allisonkosy.App - User{id=4, username='rickie', password='ZQGYblRAhapl'}
2021-09-26 12:23:42.980 [main] INFO  org.allisonkosy.App - Created Comment{id=24, createDate=Sun Sep 26 12:23:42 WAT 2021, modifyDate=Sun Sep 26 12:23:42 WAT 2021, user=rickie, post=16}
2021-09-26 12:23:42.982 [main] INFO  org.allisonkosy.App - User{id=5, username='reed', password='ON7akEa'}
2021-09-26 12:23:42.984 [main] INFO  org.allisonkosy.App - Created Comment{id=25, createDate=Sun Sep 26 12:23:42 WAT 2021, modifyDate=Sun Sep 26 12:23:42 WAT 2021, user=reed, post=16}
2021-09-26 12:23:42.987 [main] INFO  org.allisonkosy.App - User{id=6, username='benedetto', password='3QHKyccvEyf'}
2021-09-26 12:23:42.990 [main] INFO  org.allisonkosy.App - Created Comment{id=26, createDate=Sun Sep 26 12:23:42 WAT 2021, modifyDate=Sun Sep 26 12:23:42 WAT 2021, user=benedetto, post=16}
2021-09-26 12:23:52.484 [main] INFO  org.allisonkosy.App - Created User{id=27, username='opi', password='loin'}
2021-09-26 12:24:05.827 [main] INFO  org.allisonkosy.App - User{id=27, username='opi', password='loin'}
2021-09-26 12:24:05.836 [main] INFO  org.allisonkosy.App - Created Post{id=28, user= opiuser_id=27, createDate=Sun Sep 26 12:24:05 WAT 2021, modifyDate=Sun Sep 26 12:24:05 WAT 2021, body='A Lo....', title='poin', slug='poin'}
2021-09-26 12:24:18.853 [main] INFO  org.allisonkosy.App - Post{id=28, user= opiuser_id=27, createDate=Sun Sep 26 12:24:05 WAT 2021, modifyDate=Sun Sep 26 12:24:05 WAT 2021, body='A Lo....', title='poin', slug='poin'}
